<?xml version="1.0" encoding="UTF-8"?>
<coverage generated="1774372290">
  <project timestamp="1774372290" name="Clover Coverage">
    <package name="Myerscode\Utilities\Files\Exceptions">
      <file name="/Users/myerscf/Code/myerscode/utilities-files/src/Exceptions/FileFormatExpection.php">
        <class name="Myerscode\Utilities\Files\Exceptions\FileFormatExpection" namespace="Myerscode\Utilities\Files\Exceptions">
          <metrics complexity="0" methods="0" coveredmethods="0" conditionals="0" coveredconditionals="0" statements="0" coveredstatements="0" elements="0" coveredelements="0"/>
        </class>
        <metrics loc="10" ncloc="10" classes="0" methods="0" coveredmethods="0" conditionals="0" coveredconditionals="0" statements="0" coveredstatements="0" elements="0" coveredelements="0"/>
      </file>
      <file name="/Users/myerscf/Code/myerscode/utilities-files/src/Exceptions/FileNotFoundException.php">
        <class name="Myerscode\Utilities\Files\Exceptions\FileNotFoundException" namespace="Myerscode\Utilities\Files\Exceptions">
          <metrics complexity="0" methods="0" coveredmethods="0" conditionals="0" coveredconditionals="0" statements="0" coveredstatements="0" elements="0" coveredelements="0"/>
        </class>
        <metrics loc="10" ncloc="10" classes="0" methods="0" coveredmethods="0" conditionals="0" coveredconditionals="0" statements="0" coveredstatements="0" elements="0" coveredelements="0"/>
      </file>
      <file name="/Users/myerscf/Code/myerscode/utilities-files/src/Exceptions/InvalidFileTypeException.php">
        <class name="Myerscode\Utilities\Files\Exceptions\InvalidFileTypeException" namespace="Myerscode\Utilities\Files\Exceptions">
          <metrics complexity="0" methods="0" coveredmethods="0" conditionals="0" coveredconditionals="0" statements="0" coveredstatements="0" elements="0" coveredelements="0"/>
        </class>
        <metrics loc="10" ncloc="10" classes="0" methods="0" coveredmethods="0" conditionals="0" coveredconditionals="0" statements="0" coveredstatements="0" elements="0" coveredelements="0"/>
      </file>
      <file name="/Users/myerscf/Code/myerscode/utilities-files/src/Exceptions/NotADirectoryException.php">
        <class name="Myerscode\Utilities\Files\Exceptions\NotADirectoryException" namespace="Myerscode\Utilities\Files\Exceptions">
          <metrics complexity="0" methods="0" coveredmethods="0" conditionals="0" coveredconditionals="0" statements="0" coveredstatements="0" elements="0" coveredelements="0"/>
        </class>
        <metrics loc="10" ncloc="10" classes="0" methods="0" coveredmethods="0" conditionals="0" coveredconditionals="0" statements="0" coveredstatements="0" elements="0" coveredelements="0"/>
      </file>
    </package>
    <package name="Myerscode\Utilities\Files">
      <file name="/Users/myerscf/Code/myerscode/utilities-files/src/Utility.php">
        <class name="Myerscode\Utilities\Files\Utility" namespace="Myerscode\Utilities\Files">
          <metrics complexity="52" methods="24" coveredmethods="23" conditionals="0" coveredconditionals="0" statements="78" coveredstatements="77" elements="102" coveredelements="100"/>
        </class>
        <line num="27" type="method" name="__construct" visibility="public" complexity="1" crap="1" count="47"/>
        <line num="29" type="stmt" count="47"/>
        <line num="30" type="stmt" count="47"/>
        <line num="31" type="stmt" count="47"/>
        <line num="39" type="method" name="make" visibility="public" complexity="1" crap="1" count="1"/>
        <line num="41" type="stmt" count="1"/>
        <line num="47" type="method" name="appendContent" visibility="public" complexity="1" crap="1" count="2"/>
        <line num="49" type="stmt" count="2"/>
        <line num="55" type="method" name="className" visibility="public" complexity="1" crap="1" count="2"/>
        <line num="57" type="stmt" count="2"/>
        <line num="58" type="stmt" count="2"/>
        <line num="59" type="stmt" count="2"/>
        <line num="61" type="stmt" count="2"/>
        <line num="67" type="method" name="content" visibility="public" complexity="2" crap="2" count="4"/>
        <line num="69" type="stmt" count="4"/>
        <line num="70" type="stmt" count="3"/>
        <line num="73" type="stmt" count="1"/>
        <line num="79" type="method" name="delete" visibility="public" complexity="2" crap="2" count="12"/>
        <line num="81" type="stmt" count="12"/>
        <line num="82" type="stmt" count="12"/>
        <line num="85" type="stmt" count="12"/>
        <line num="92" type="method" name="directory" visibility="public" complexity="3" crap="3" count="2"/>
        <line num="96" type="stmt" count="2"/>
        <line num="97" type="stmt" count="1"/>
        <line num="100" type="stmt" count="1"/>
        <line num="106" type="method" name="exists" visibility="public" complexity="1" crap="1" count="15"/>
        <line num="108" type="stmt" count="15"/>
        <line num="114" type="method" name="extension" visibility="public" complexity="2" crap="2" count="7"/>
        <line num="116" type="stmt" count="7"/>
        <line num="122" type="method" name="files" visibility="public" complexity="2" crap="2" count="2"/>
        <line num="124" type="stmt" count="2"/>
        <line num="125" type="stmt" count="1"/>
        <line num="127" type="stmt" count="1"/>
        <line num="129" type="stmt" count="1"/>
        <line num="132" type="stmt" count="1"/>
        <line num="141" type="method" name="fullyQualifiedClassname" visibility="public" complexity="3" crap="3" count="3"/>
        <line num="143" type="stmt" count="3"/>
        <line num="144" type="stmt" count="2"/>
        <line num="145" type="stmt" count="1"/>
        <line num="148" type="stmt" count="1"/>
        <line num="151" type="stmt" count="1"/>
        <line num="154" type="method" name="hasAbsolutePath" visibility="public" complexity="8" crap="8" count="8"/>
        <line num="156" type="stmt" count="8"/>
        <line num="162" type="method" name="isDirectory" visibility="public" complexity="1" crap="1" count="4"/>
        <line num="164" type="stmt" count="4"/>
        <line num="170" type="method" name="isFile" visibility="public" complexity="1" crap="1" count="8"/>
        <line num="172" type="stmt" count="8"/>
        <line num="178" type="method" name="makeDirectory" visibility="public" complexity="2" crap="2" count="3"/>
        <line num="180" type="stmt" count="3"/>
        <line num="181" type="stmt" count="3"/>
        <line num="184" type="stmt" count="3"/>
        <line num="190" type="method" name="name" visibility="public" complexity="3" crap="3" count="5"/>
        <line num="192" type="stmt" count="5"/>
        <line num="193" type="stmt" count="3"/>
        <line num="196" type="stmt" count="2"/>
        <line num="197" type="stmt" count="1"/>
        <line num="200" type="stmt" count="1"/>
        <line num="201" type="stmt" count="1"/>
        <line num="203" type="stmt" count="1"/>
        <line num="212" type="method" name="namespace" visibility="public" complexity="7" crap="7.01" count="5"/>
        <line num="214" type="stmt" count="5"/>
        <line num="215" type="stmt" count="4"/>
        <line num="216" type="stmt" count="3"/>
        <line num="218" type="stmt" count="3"/>
        <line num="219" type="stmt" count="0"/>
        <line num="222" type="stmt" count="3"/>
        <line num="224" type="stmt" count="3"/>
        <line num="225" type="stmt" count="3"/>
        <line num="226" type="stmt" count="2"/>
        <line num="227" type="stmt" count="2"/>
        <line num="228" type="stmt" count="2"/>
        <line num="232" type="stmt" count="3"/>
        <line num="234" type="stmt" count="3"/>
        <line num="235" type="stmt" count="1"/>
        <line num="238" type="stmt" count="2"/>
        <line num="241" type="stmt" count="1"/>
        <line num="244" type="stmt" count="1"/>
        <line num="250" type="method" name="path" visibility="public" complexity="1" crap="1" count="6"/>
        <line num="252" type="stmt" count="6"/>
        <line num="258" type="method" name="setContent" visibility="public" complexity="1" crap="1" count="2"/>
        <line num="260" type="stmt" count="2"/>
        <line num="266" type="method" name="touch" visibility="public" complexity="3" crap="3" count="2"/>
        <line num="268" type="stmt" count="2"/>
        <line num="270" type="stmt" count="2"/>
        <line num="271" type="stmt" count="1"/>
        <line num="273" type="stmt" count="1"/>
        <line num="277" type="stmt" count="1"/>
        <line num="283" type="method" name="touchFile" visibility="public" complexity="2" crap="2" count="3"/>
        <line num="285" type="stmt" count="3"/>
        <line num="287" type="stmt" count="3"/>
        <line num="288" type="stmt" count="3"/>
        <line num="291" type="stmt" count="3"/>
        <line num="299" type="method" name="cleanPath" visibility="protected" complexity="1" crap="1" count="47"/>
        <line num="302" type="stmt" count="47"/>
        <line num="305" type="stmt" count="47"/>
        <line num="311" type="method" name="fileInfo" visibility="protected" complexity="1" crap="1" count="14"/>
        <line num="313" type="stmt" count="14"/>
        <line num="319" type="method" name="putContent" visibility="protected" complexity="2" crap="2" count="4"/>
        <line num="321" type="stmt" count="4"/>
        <line num="322" type="stmt" count="2"/>
        <line num="324" type="stmt" count="2"/>
        <line num="327" type="stmt" count="2"/>
        <metrics loc="330" ncloc="242" classes="1" methods="24" coveredmethods="23" conditionals="0" coveredconditionals="0" statements="78" coveredstatements="77" elements="102" coveredelements="100"/>
      </file>
    </package>
    <metrics files="5" loc="370" ncloc="282" classes="1" methods="24" coveredmethods="23" conditionals="0" coveredconditionals="0" statements="78" coveredstatements="77" elements="102" coveredelements="100"/>
  </project>
</coverage>
